Added Component: Designator=B1(SOP65P890X370-14N)
Add component (AddParameter): Name = "Arrow Part Number"; Value = ""; VariantName = "[No Variations]"
Add component (AddParameter): Name = "Arrow Price/Stock"; Value = ""; VariantName = "[No Variations]"
Add component (AddParameter): Name = "Datasheet Link"; Value = "https://www.infineon.com/assets/row/public/documents/24/49/infineon-tci-datasheet-en.pdf"; VariantName = "[No Variations]"
Add component (AddParameter): Name = "Geometry.Height"; Value = "3.7mm"; VariantName = "[No Variations]"
Add component (AddParameter): Name = "Manufacturer_Name"; Value = "Infineon"; VariantName = "[No Variations]"
Add component (AddParameter): Name = "Manufacturer_Part_Number"; Value = "TCIXTMA1"; VariantName = "[No Variations]"
Add component (AddParameter): Name = "Mouser Part Number"; Value = ""; VariantName = "[No Variations]"
Add component (AddParameter): Name = "Mouser Price/Stock"; Value = ""; VariantName = "[No Variations]"
Added Component: Designator=C1(Capacitor 0402_1005Metric SMD)
Added Component: Designator=C2(Capacitor 0402_1005Metric SMD)
Added Component: Designator=J1(53261-0471)
Added Component: Designator=MH1(MountingHole_1mm_M1)
Added Component: Designator=MH2(MountingHole_1mm_M1)
Added Component: Designator=R1(Resistor 0402_1005Metric SMD)
Added Component: Designator=R2(Resistor 0402_1005Metric SMD)
Added Pin To Net: NetName=3V3 Pin=B1-14
Added Pin To Net: NetName=3V3 Pin=C1-1
Added Pin To Net: NetName=3V3 Pin=J1-1
Added Pin To Net: NetName=3V3 Pin=R1-2
Added Pin To Net: NetName=3V3 Pin=R2-2
Added Net: Name=3V3
Added Pin To Net: NetName=GND Pin=B1-4
Added Pin To Net: NetName=GND Pin=B1-11
Added Pin To Net: NetName=GND Pin=C1-2
Added Pin To Net: NetName=GND Pin=C2-2
Added Pin To Net: NetName=GND Pin=J1-4
Added Net: Name=GND
Added Pin To Net: NetName=NetB1_10 Pin=B1-10
Added Pin To Net: NetName=NetB1_10 Pin=C2-1
Added Net: Name=NetB1_10
Added Pin To Net: NetName=SCL Pin=B1-1
Added Pin To Net: NetName=SCL Pin=J1-3
Added Pin To Net: NetName=SCL Pin=R2-1
Added Net: Name=SCL
Added Pin To Net: NetName=SDA Pin=B1-2
Added Pin To Net: NetName=SDA Pin=J1-2
Added Pin To Net: NetName=SDA Pin=R1-1
Added Net: Name=SDA
Added Class: Name=H2 Sensor
Added Rule: Name=Schematic Supply Nets
Added Rule: Name=Schematic Supply Nets_1
